2020-05-18 14:33:03.969 INFO  com.example.springboot_demo2.SpringbootDemo2Application Line:55  [] - Starting SpringbootDemo2Application on SC-201909071530 with PID 14372 (D:\workspace\springboot_demo2\target\classes started by Administrator in D:\workspace\springboot_demo2)
2020-05-18 14:33:03.971 INFO  com.example.springboot_demo2.SpringbootDemo2Application Line:651 [] - No active profile set, falling back to default profiles: default
2020-05-18 14:33:05.109 INFO  org.springframework.integration.config.DefaultConfiguringBeanFactoryPostProcessor Line:213 [] - No bean named 'errorChannel' has been explicitly defined. Therefore, a default PublishSubscribeChannel will be created.
2020-05-18 14:33:05.117 INFO  org.springframework.integration.config.DefaultConfiguringBeanFactoryPostProcessor Line:300 [] - No bean named 'taskScheduler' has been explicitly defined. Therefore, a default ThreadPoolTaskScheduler will be created.
2020-05-18 14:33:05.121 INFO  org.springframework.integration.config.DefaultConfiguringBeanFactoryPostProcessor Line:460 [] - No bean named 'integrationHeaderChannelRegistry' has been explicitly defined. Therefore, a default DefaultHeaderChannelRegistry will be created.
2020-05-18 14:33:05.216 INFO  org.springframework.context.support.PostProcessorRegistrationDelegate$BeanPostProcessorChecker Line:330 [] - Bean 'org.springframework.retry.annotation.RetryConfiguration' of type [org.springframework.retry.annotation.RetryConfiguration$$EnhancerBySpringCGLIB$$be33a14f] is not eligible for getting processed by all BeanPostProcessors (for example: not eligible for auto-proxying)
2020-05-18 14:33:05.238 INFO  org.springframework.context.support.PostProcessorRegistrationDelegate$BeanPostProcessorChecker Line:330 [] - Bean 'org.springframework.integration.config.IntegrationManagementConfiguration' of type [org.springframework.integration.config.IntegrationManagementConfiguration] is not eligible for getting processed by all BeanPostProcessors (for example: not eligible for auto-proxying)
2020-05-18 14:33:05.258 INFO  org.springframework.context.support.PostProcessorRegistrationDelegate$BeanPostProcessorChecker Line:330 [] - Bean 'integrationChannelResolver' of type [org.springframework.integration.support.channel.BeanFactoryChannelResolver] is not eligible for getting processed by all BeanPostProcessors (for example: not eligible for auto-proxying)
2020-05-18 14:33:05.265 INFO  org.springframework.context.support.PostProcessorRegistrationDelegate$BeanPostProcessorChecker Line:330 [] - Bean 'integrationDisposableAutoCreatedBeans' of type [org.springframework.integration.config.annotation.Disposables] is not eligible for getting processed by all BeanPostProcessors (for example: not eligible for auto-proxying)
2020-05-18 14:33:05.519 INFO  org.springframework.boot.web.embedded.tomcat.TomcatWebServer Line:92  [] - Tomcat initialized with port(s): 8080 (https) 8443 (http)
2020-05-18 14:33:05.527 INFO  org.apache.coyote.http11.Http11NioProtocol Line:173 [] - Initializing ProtocolHandler ["https-jsse-nio-8080"]
2020-05-18 14:33:05.528 INFO  org.apache.coyote.http11.Http11NioProtocol Line:173 [] - Initializing ProtocolHandler ["http-nio-8443"]
2020-05-18 14:33:05.538 INFO  org.apache.catalina.core.StandardService Line:173 [] - Starting service [Tomcat]
2020-05-18 14:33:05.539 INFO  org.apache.catalina.core.StandardEngine Line:173 [] - Starting Servlet engine: [Apache Tomcat/9.0.27]
2020-05-18 14:33:05.624 INFO  org.apache.catalina.core.ContainerBase.[Tomcat].[localhost].[/] Line:173 [] - Initializing Spring embedded WebApplicationContext
2020-05-18 14:33:05.624 INFO  org.springframework.web.context.ContextLoader Line:284 [] - Root WebApplicationContext: initialization completed in 1592 ms
2020-05-18 14:33:05.637 INFO  com.example.springboot_demo2.apisecurity.DecryptAutoConfiguration Line:55  [] - init System Decrypt
2020-05-18 14:33:05.641 INFO  com.example.springboot_demo2.apisecurity.DecryptAutoConfiguration Line:42  [] - init decrypt filter
2020-05-18 14:33:05.649 INFO  com.example.springboot_demo2.apisecurity.EncryptAutoConfiguration Line:42  [] - init encrypt filter
2020-05-18 14:33:05.655 INFO  com.example.springboot_demo2.apisecurity.HmacAutoConfiguration Line:56  [] - init System hmacSha256 sign
2020-05-18 14:33:05.658 INFO  com.example.springboot_demo2.apisecurity.HmacAutoConfiguration Line:41  [] - init hmac filter
2020-05-18 14:33:06.015 INFO  springfox.documentation.spring.web.PropertySourcedRequestMappingHandlerMapping Line:69  [] - Mapped URL path [/v2/api-docs] onto method [springfox.documentation.swagger2.web.Swagger2Controller#getDocumentation(String, HttpServletRequest)]
2020-05-18 14:33:06.026 INFO  com.example.springboot_demo2.apisecurity.EncryptAutoConfiguration Line:56  [] - init System Encrypt
2020-05-18 14:33:06.115 INFO  org.springframework.scheduling.concurrent.ThreadPoolTaskExecutor Line:171 [] - Initializing ExecutorService 'applicationTaskExecutor'
2020-05-18 14:33:06.360 INFO  org.springframework.scheduling.concurrent.ThreadPoolTaskScheduler Line:171 [] - Initializing ExecutorService 'taskScheduler'
2020-05-18 14:33:06.406 INFO  org.springframework.integration.endpoint.EventDrivenConsumer Line:107 [] - Adding {logging-channel-adapter:_org.springframework.integration.errorLogger} as a subscriber to the 'errorChannel' channel
2020-05-18 14:33:06.406 INFO  org.springframework.integration.channel.PublishSubscribeChannel Line:64  [] - Channel 'application.errorChannel' has 1 subscriber(s).
2020-05-18 14:33:06.406 INFO  org.springframework.integration.endpoint.EventDrivenConsumer Line:159 [] - started bean '_org.springframework.integration.errorLogger'
2020-05-18 14:33:06.406 INFO  springfox.documentation.spring.web.plugins.DocumentationPluginsBootstrapper Line:160 [] - Context refreshed
2020-05-18 14:33:06.414 INFO  springfox.documentation.spring.web.plugins.DocumentationPluginsBootstrapper Line:163 [] - Found 1 custom documentation plugin(s)
2020-05-18 14:33:06.444 INFO  springfox.documentation.spring.web.scanners.ApiListingReferenceScanner Line:41  [] - Scanning for api listing references
2020-05-18 14:33:06.593 INFO  org.apache.coyote.http11.Http11NioProtocol Line:173 [] - Starting ProtocolHandler ["https-jsse-nio-8080"]
2020-05-18 14:33:06.766 INFO  org.apache.coyote.http11.Http11NioProtocol Line:173 [] - Starting ProtocolHandler ["http-nio-8443"]
2020-05-18 14:33:06.773 INFO  org.springframework.boot.web.embedded.tomcat.TomcatWebServer Line:204 [] - Tomcat started on port(s): 8080 (https) 8443 (http) with context path ''
2020-05-18 14:33:06.775 INFO  com.example.springboot_demo2.SpringbootDemo2Application Line:61  [] - Started SpringbootDemo2Application in 3.382 seconds (JVM running for 4.092)
2020-05-18 14:33:15.345 INFO  org.apache.catalina.core.ContainerBase.[Tomcat].[localhost].[/] Line:173 [] - Initializing Spring DispatcherServlet 'dispatcherServlet'
2020-05-18 14:33:15.346 INFO  org.springframework.web.servlet.DispatcherServlet Line:525 [] - Initializing Servlet 'dispatcherServlet'
2020-05-18 14:33:15.357 INFO  org.springframework.web.servlet.DispatcherServlet Line:547 [] - Completed initialization in 10 ms
