2020-06-12 16:49:17.768 INFO  com.example.springboot_demo2.SpringbootDemo2Application Line:55  [] - Starting SpringbootDemo2Application on SC-201909071530 with PID 15364 (D:\workspace\springboot_demo2\target\classes started by Administrator in D:\workspace\springboot_demo2)
2020-06-12 16:49:17.771 INFO  com.example.springboot_demo2.SpringbootDemo2Application Line:655 [] - The following profiles are active: test
2020-06-12 16:49:19.539 INFO  org.springframework.integration.config.DefaultConfiguringBeanFactoryPostProcessor Line:213 [] - No bean named 'errorChannel' has been explicitly defined. Therefore, a default PublishSubscribeChannel will be created.
2020-06-12 16:49:19.555 INFO  org.springframework.integration.config.DefaultConfiguringBeanFactoryPostProcessor Line:300 [] - No bean named 'taskScheduler' has been explicitly defined. Therefore, a default ThreadPoolTaskScheduler will be created.
2020-06-12 16:49:19.559 INFO  org.springframework.integration.config.DefaultConfiguringBeanFactoryPostProcessor Line:460 [] - No bean named 'integrationHeaderChannelRegistry' has been explicitly defined. Therefore, a default DefaultHeaderChannelRegistry will be created.
2020-06-12 16:49:19.654 INFO  org.springframework.context.support.PostProcessorRegistrationDelegate$BeanPostProcessorChecker Line:330 [] - Bean 'org.springframework.retry.annotation.RetryConfiguration' of type [org.springframework.retry.annotation.RetryConfiguration$$EnhancerBySpringCGLIB$$abd67aee] is not eligible for getting processed by all BeanPostProcessors (for example: not eligible for auto-proxying)
2020-06-12 16:49:19.667 INFO  org.springframework.context.support.PostProcessorRegistrationDelegate$BeanPostProcessorChecker Line:330 [] - Bean 'org.springframework.integration.config.IntegrationManagementConfiguration' of type [org.springframework.integration.config.IntegrationManagementConfiguration] is not eligible for getting processed by all BeanPostProcessors (for example: not eligible for auto-proxying)
2020-06-12 16:49:19.676 INFO  org.springframework.context.support.PostProcessorRegistrationDelegate$BeanPostProcessorChecker Line:330 [] - Bean 'integrationChannelResolver' of type [org.springframework.integration.support.channel.BeanFactoryChannelResolver] is not eligible for getting processed by all BeanPostProcessors (for example: not eligible for auto-proxying)
2020-06-12 16:49:19.678 INFO  org.springframework.context.support.PostProcessorRegistrationDelegate$BeanPostProcessorChecker Line:330 [] - Bean 'integrationDisposableAutoCreatedBeans' of type [org.springframework.integration.config.annotation.Disposables] is not eligible for getting processed by all BeanPostProcessors (for example: not eligible for auto-proxying)
2020-06-12 16:49:19.971 INFO  org.springframework.boot.web.embedded.tomcat.TomcatWebServer Line:92  [] - Tomcat initialized with port(s): 8080 (https) 8443 (http)
2020-06-12 16:49:19.980 INFO  org.apache.coyote.http11.Http11NioProtocol Line:173 [] - Initializing ProtocolHandler ["https-jsse-nio-8080"]
2020-06-12 16:49:19.980 INFO  org.apache.coyote.http11.Http11NioProtocol Line:173 [] - Initializing ProtocolHandler ["http-nio-8443"]
2020-06-12 16:49:19.991 INFO  org.apache.catalina.core.StandardService Line:173 [] - Starting service [Tomcat]
2020-06-12 16:49:19.992 INFO  org.apache.catalina.core.StandardEngine Line:173 [] - Starting Servlet engine: [Apache Tomcat/9.0.27]
2020-06-12 16:49:20.123 INFO  org.apache.catalina.core.ContainerBase.[Tomcat].[localhost].[/] Line:173 [] - Initializing Spring embedded WebApplicationContext
2020-06-12 16:49:20.123 INFO  org.springframework.web.context.ContextLoader Line:284 [] - Root WebApplicationContext: initialization completed in 2241 ms
2020-06-12 16:49:20.137 INFO  com.example.springboot_demo2.apisecurity.DecryptAutoConfiguration Line:55  [] - init System Decrypt
2020-06-12 16:49:20.141 INFO  com.example.springboot_demo2.apisecurity.DecryptAutoConfiguration Line:42  [] - init decrypt filter
2020-06-12 16:49:20.148 INFO  com.example.springboot_demo2.apisecurity.EncryptAutoConfiguration Line:42  [] - init encrypt filter
2020-06-12 16:49:20.153 INFO  com.example.springboot_demo2.apisecurity.HmacAutoConfiguration Line:56  [] - init System hmacSha256 sign
2020-06-12 16:49:20.156 INFO  com.example.springboot_demo2.apisecurity.HmacAutoConfiguration Line:41  [] - init hmac filter
2020-06-12 16:49:20.541 INFO  springfox.documentation.spring.web.PropertySourcedRequestMappingHandlerMapping Line:69  [] - Mapped URL path [/v2/api-docs] onto method [springfox.documentation.swagger2.web.Swagger2Controller#getDocumentation(String, HttpServletRequest)]
2020-06-12 16:49:20.555 INFO  com.example.springboot_demo2.apisecurity.EncryptAutoConfiguration Line:56  [] - init System Encrypt
2020-06-12 16:49:20.557 INFO  com.example.springboot_demo2.bean_init.DemoBean Line:17  [] - --> instantiate 
2020-06-12 16:49:20.557 INFO  com.example.springboot_demo2.bean_init.DemoBeanPostProcessor Line:19  [] - --> BeanPostProcessor.postProcessBeforeInitialization 
2020-06-12 16:49:20.557 INFO  com.example.springboot_demo2.bean_init.DemoBean Line:22  [] - --> @PostConstruct 
2020-06-12 16:49:20.558 INFO  com.example.springboot_demo2.bean_init.DemoBean Line:27  [] - --> InitializingBean.afterPropertiesSet 
2020-06-12 16:49:20.558 INFO  com.example.springboot_demo2.bean_init.DemoBean Line:31  [] - --> custom initMehotd
2020-06-12 16:49:20.558 INFO  com.example.springboot_demo2.bean_init.DemoBeanPostProcessor Line:27  [] - --> BeanPostProcessor.postProcessAfterInitialization 
2020-06-12 16:49:20.722 INFO  org.springframework.scheduling.concurrent.ThreadPoolTaskExecutor Line:171 [] - Initializing ExecutorService 'applicationTaskExecutor'
2020-06-12 16:49:20.938 INFO  org.springframework.scheduling.concurrent.ThreadPoolTaskScheduler Line:171 [] - Initializing ExecutorService 'taskScheduler'
2020-06-12 16:49:20.985 INFO  org.springframework.integration.endpoint.EventDrivenConsumer Line:107 [] - Adding {logging-channel-adapter:_org.springframework.integration.errorLogger} as a subscriber to the 'errorChannel' channel
2020-06-12 16:49:20.986 INFO  org.springframework.integration.channel.PublishSubscribeChannel Line:64  [] - Channel 'application.errorChannel' has 1 subscriber(s).
2020-06-12 16:49:20.986 INFO  org.springframework.integration.endpoint.EventDrivenConsumer Line:159 [] - started bean '_org.springframework.integration.errorLogger'
2020-06-12 16:49:20.986 INFO  springfox.documentation.spring.web.plugins.DocumentationPluginsBootstrapper Line:160 [] - Context refreshed
2020-06-12 16:49:20.996 INFO  springfox.documentation.spring.web.plugins.DocumentationPluginsBootstrapper Line:163 [] - Found 1 custom documentation plugin(s)
2020-06-12 16:49:21.037 INFO  springfox.documentation.spring.web.scanners.ApiListingReferenceScanner Line:41  [] - Scanning for api listing references
2020-06-12 16:49:21.221 INFO  org.apache.coyote.http11.Http11NioProtocol Line:173 [] - Starting ProtocolHandler ["https-jsse-nio-8080"]
2020-06-12 16:49:21.417 INFO  org.apache.coyote.http11.Http11NioProtocol Line:173 [] - Starting ProtocolHandler ["http-nio-8443"]
2020-06-12 16:49:21.423 INFO  org.springframework.boot.web.embedded.tomcat.TomcatWebServer Line:204 [] - Tomcat started on port(s): 8080 (https) 8443 (http) with context path ''
2020-06-12 16:49:21.426 INFO  com.example.springboot_demo2.SpringbootDemo2Application Line:61  [] - Started SpringbootDemo2Application in 4.384 seconds (JVM running for 5.283)
2020-06-12 16:49:44.617 INFO  com.example.springboot_demo2.SpringbootDemo2ApplicationTests Line:55  [] - Starting SpringbootDemo2ApplicationTests on SC-201909071530 with PID 12412 (started by Administrator in D:\workspace\springboot_demo2)
2020-06-12 16:49:44.618 INFO  com.example.springboot_demo2.SpringbootDemo2ApplicationTests Line:655 [] - The following profiles are active: test
2020-06-12 16:49:45.939 INFO  org.springframework.integration.config.DefaultConfiguringBeanFactoryPostProcessor Line:213 [] - No bean named 'errorChannel' has been explicitly defined. Therefore, a default PublishSubscribeChannel will be created.
2020-06-12 16:49:45.947 INFO  org.springframework.integration.config.DefaultConfiguringBeanFactoryPostProcessor Line:300 [] - No bean named 'taskScheduler' has been explicitly defined. Therefore, a default ThreadPoolTaskScheduler will be created.
2020-06-12 16:49:45.961 INFO  org.springframework.integration.config.DefaultConfiguringBeanFactoryPostProcessor Line:460 [] - No bean named 'integrationHeaderChannelRegistry' has been explicitly defined. Therefore, a default DefaultHeaderChannelRegistry will be created.
2020-06-12 16:49:46.108 INFO  org.springframework.context.support.PostProcessorRegistrationDelegate$BeanPostProcessorChecker Line:330 [] - Bean 'org.springframework.retry.annotation.RetryConfiguration' of type [org.springframework.retry.annotation.RetryConfiguration$$EnhancerBySpringCGLIB$$1a473bc7] is not eligible for getting processed by all BeanPostProcessors (for example: not eligible for auto-proxying)
2020-06-12 16:49:46.141 INFO  org.springframework.context.support.PostProcessorRegistrationDelegate$BeanPostProcessorChecker Line:330 [] - Bean 'org.springframework.integration.config.IntegrationManagementConfiguration' of type [org.springframework.integration.config.IntegrationManagementConfiguration] is not eligible for getting processed by all BeanPostProcessors (for example: not eligible for auto-proxying)
2020-06-12 16:49:46.189 INFO  org.springframework.context.support.PostProcessorRegistrationDelegate$BeanPostProcessorChecker Line:330 [] - Bean 'integrationChannelResolver' of type [org.springframework.integration.support.channel.BeanFactoryChannelResolver] is not eligible for getting processed by all BeanPostProcessors (for example: not eligible for auto-proxying)
2020-06-12 16:49:46.198 INFO  org.springframework.context.support.PostProcessorRegistrationDelegate$BeanPostProcessorChecker Line:330 [] - Bean 'integrationDisposableAutoCreatedBeans' of type [org.springframework.integration.config.annotation.Disposables] is not eligible for getting processed by all BeanPostProcessors (for example: not eligible for auto-proxying)
2020-06-12 16:49:46.353 INFO  com.example.springboot_demo2.apisecurity.DecryptAutoConfiguration Line:55  [] - init System Decrypt
2020-06-12 16:49:46.379 INFO  com.example.springboot_demo2.apisecurity.HmacAutoConfiguration Line:56  [] - init System hmacSha256 sign
2020-06-12 16:49:47.108 INFO  springfox.documentation.spring.web.PropertySourcedRequestMappingHandlerMapping Line:69  [] - Mapped URL path [/v2/api-docs] onto method [springfox.documentation.swagger2.web.Swagger2Controller#getDocumentation(String, HttpServletRequest)]
2020-06-12 16:49:47.135 INFO  com.example.springboot_demo2.apisecurity.DecryptAutoConfiguration Line:42  [] - init decrypt filter
2020-06-12 16:49:47.154 INFO  com.example.springboot_demo2.apisecurity.EncryptAutoConfiguration Line:42  [] - init encrypt filter
2020-06-12 16:49:47.158 INFO  com.example.springboot_demo2.apisecurity.EncryptAutoConfiguration Line:56  [] - init System Encrypt
2020-06-12 16:49:47.159 INFO  com.example.springboot_demo2.apisecurity.HmacAutoConfiguration Line:41  [] - init hmac filter
2020-06-12 16:49:47.164 INFO  com.example.springboot_demo2.bean_init.DemoBean Line:17  [] - --> instantiate 
2020-06-12 16:49:47.166 INFO  com.example.springboot_demo2.bean_init.DemoBeanPostProcessor Line:19  [] - --> BeanPostProcessor.postProcessBeforeInitialization 
2020-06-12 16:49:47.167 INFO  com.example.springboot_demo2.bean_init.DemoBean Line:22  [] - --> @PostConstruct 
2020-06-12 16:49:47.167 INFO  com.example.springboot_demo2.bean_init.DemoBean Line:27  [] - --> InitializingBean.afterPropertiesSet 
2020-06-12 16:49:47.168 INFO  com.example.springboot_demo2.bean_init.DemoBean Line:31  [] - --> custom initMehotd
2020-06-12 16:49:47.168 INFO  com.example.springboot_demo2.bean_init.DemoBeanPostProcessor Line:27  [] - --> BeanPostProcessor.postProcessAfterInitialization 
2020-06-12 16:49:47.767 INFO  org.springframework.scheduling.concurrent.ThreadPoolTaskExecutor Line:171 [] - Initializing ExecutorService 'applicationTaskExecutor'
2020-06-12 16:49:48.357 INFO  org.springframework.scheduling.concurrent.ThreadPoolTaskScheduler Line:171 [] - Initializing ExecutorService 'taskScheduler'
2020-06-12 16:49:48.445 INFO  org.springframework.integration.endpoint.EventDrivenConsumer Line:107 [] - Adding {logging-channel-adapter:_org.springframework.integration.errorLogger} as a subscriber to the 'errorChannel' channel
2020-06-12 16:49:48.445 INFO  org.springframework.integration.channel.PublishSubscribeChannel Line:64  [] - Channel 'application.errorChannel' has 1 subscriber(s).
2020-06-12 16:49:48.446 INFO  org.springframework.integration.endpoint.EventDrivenConsumer Line:159 [] - started bean '_org.springframework.integration.errorLogger'
2020-06-12 16:49:48.446 INFO  springfox.documentation.spring.web.plugins.DocumentationPluginsBootstrapper Line:160 [] - Context refreshed
2020-06-12 16:49:48.463 INFO  springfox.documentation.spring.web.plugins.DocumentationPluginsBootstrapper Line:163 [] - Found 1 custom documentation plugin(s)
2020-06-12 16:49:48.504 INFO  springfox.documentation.spring.web.scanners.ApiListingReferenceScanner Line:41  [] - Scanning for api listing references
2020-06-12 16:49:48.730 INFO  com.example.springboot_demo2.SpringbootDemo2ApplicationTests Line:61  [] - Started SpringbootDemo2ApplicationTests in 4.615 seconds (JVM running for 5.789)
2020-06-12 16:49:49.383 INFO  org.springframework.integration.endpoint.EventDrivenConsumer Line:107 [] - Removing {logging-channel-adapter:_org.springframework.integration.errorLogger} as a subscriber to the 'errorChannel' channel
2020-06-12 16:49:49.384 INFO  org.springframework.integration.channel.PublishSubscribeChannel Line:64  [] - Channel 'application.errorChannel' has 0 subscriber(s).
2020-06-12 16:49:49.385 INFO  org.springframework.integration.endpoint.EventDrivenConsumer Line:193 [] - stopped bean '_org.springframework.integration.errorLogger'
2020-06-12 16:49:49.385 INFO  org.springframework.scheduling.concurrent.ThreadPoolTaskScheduler Line:208 [] - Shutting down ExecutorService 'taskScheduler'
2020-06-12 16:49:49.387 INFO  org.springframework.scheduling.concurrent.ThreadPoolTaskExecutor Line:208 [] - Shutting down ExecutorService 'applicationTaskExecutor'
2020-06-12 16:50:16.585 INFO  com.example.springboot_demo2.SpringbootDemo2ApplicationTests Line:55  [] - Starting SpringbootDemo2ApplicationTests on SC-201909071530 with PID 15624 (started by Administrator in D:\workspace\springboot_demo2)
2020-06-12 16:50:16.587 INFO  com.example.springboot_demo2.SpringbootDemo2ApplicationTests Line:655 [] - The following profiles are active: test
2020-06-12 16:50:18.089 INFO  org.springframework.integration.config.DefaultConfiguringBeanFactoryPostProcessor Line:213 [] - No bean named 'errorChannel' has been explicitly defined. Therefore, a default PublishSubscribeChannel will be created.
2020-06-12 16:50:18.097 INFO  org.springframework.integration.config.DefaultConfiguringBeanFactoryPostProcessor Line:300 [] - No bean named 'taskScheduler' has been explicitly defined. Therefore, a default ThreadPoolTaskScheduler will be created.
2020-06-12 16:50:18.105 INFO  org.springframework.integration.config.DefaultConfiguringBeanFactoryPostProcessor Line:460 [] - No bean named 'integrationHeaderChannelRegistry' has been explicitly defined. Therefore, a default DefaultHeaderChannelRegistry will be created.
2020-06-12 16:50:18.260 INFO  org.springframework.context.support.PostProcessorRegistrationDelegate$BeanPostProcessorChecker Line:330 [] - Bean 'org.springframework.retry.annotation.RetryConfiguration' of type [org.springframework.retry.annotation.RetryConfiguration$$EnhancerBySpringCGLIB$$1a473bc7] is not eligible for getting processed by all BeanPostProcessors (for example: not eligible for auto-proxying)
2020-06-12 16:50:18.298 INFO  org.springframework.context.support.PostProcessorRegistrationDelegate$BeanPostProcessorChecker Line:330 [] - Bean 'org.springframework.integration.config.IntegrationManagementConfiguration' of type [org.springframework.integration.config.IntegrationManagementConfiguration] is not eligible for getting processed by all BeanPostProcessors (for example: not eligible for auto-proxying)
2020-06-12 16:50:18.344 INFO  org.springframework.context.support.PostProcessorRegistrationDelegate$BeanPostProcessorChecker Line:330 [] - Bean 'integrationChannelResolver' of type [org.springframework.integration.support.channel.BeanFactoryChannelResolver] is not eligible for getting processed by all BeanPostProcessors (for example: not eligible for auto-proxying)
2020-06-12 16:50:18.348 INFO  org.springframework.context.support.PostProcessorRegistrationDelegate$BeanPostProcessorChecker Line:330 [] - Bean 'integrationDisposableAutoCreatedBeans' of type [org.springframework.integration.config.annotation.Disposables] is not eligible for getting processed by all BeanPostProcessors (for example: not eligible for auto-proxying)
2020-06-12 16:50:18.530 INFO  com.example.springboot_demo2.apisecurity.DecryptAutoConfiguration Line:55  [] - init System Decrypt
2020-06-12 16:50:18.567 INFO  com.example.springboot_demo2.apisecurity.HmacAutoConfiguration Line:56  [] - init System hmacSha256 sign
2020-06-12 16:50:19.303 INFO  springfox.documentation.spring.web.PropertySourcedRequestMappingHandlerMapping Line:69  [] - Mapped URL path [/v2/api-docs] onto method [springfox.documentation.swagger2.web.Swagger2Controller#getDocumentation(String, HttpServletRequest)]
2020-06-12 16:50:19.349 INFO  com.example.springboot_demo2.apisecurity.DecryptAutoConfiguration Line:42  [] - init decrypt filter
2020-06-12 16:50:19.367 INFO  com.example.springboot_demo2.apisecurity.EncryptAutoConfiguration Line:42  [] - init encrypt filter
2020-06-12 16:50:19.371 INFO  com.example.springboot_demo2.apisecurity.EncryptAutoConfiguration Line:56  [] - init System Encrypt
2020-06-12 16:50:19.372 INFO  com.example.springboot_demo2.apisecurity.HmacAutoConfiguration Line:41  [] - init hmac filter
2020-06-12 16:50:19.376 INFO  com.example.springboot_demo2.bean_init.DemoBean Line:17  [] - --> instantiate 
2020-06-12 16:50:19.379 INFO  com.example.springboot_demo2.bean_init.DemoBeanPostProcessor Line:19  [] - --> BeanPostProcessor.postProcessBeforeInitialization 
2020-06-12 16:50:19.379 INFO  com.example.springboot_demo2.bean_init.DemoBean Line:22  [] - --> @PostConstruct 
2020-06-12 16:50:19.379 INFO  com.example.springboot_demo2.bean_init.DemoBean Line:27  [] - --> InitializingBean.afterPropertiesSet 
2020-06-12 16:50:19.379 INFO  com.example.springboot_demo2.bean_init.DemoBean Line:31  [] - --> custom initMehotd
2020-06-12 16:50:19.380 INFO  com.example.springboot_demo2.bean_init.DemoBeanPostProcessor Line:27  [] - --> BeanPostProcessor.postProcessAfterInitialization 
2020-06-12 16:50:20.005 INFO  org.springframework.scheduling.concurrent.ThreadPoolTaskExecutor Line:171 [] - Initializing ExecutorService 'applicationTaskExecutor'
2020-06-12 16:50:20.643 INFO  org.springframework.scheduling.concurrent.ThreadPoolTaskScheduler Line:171 [] - Initializing ExecutorService 'taskScheduler'
2020-06-12 16:50:20.742 INFO  org.springframework.integration.endpoint.EventDrivenConsumer Line:107 [] - Adding {logging-channel-adapter:_org.springframework.integration.errorLogger} as a subscriber to the 'errorChannel' channel
2020-06-12 16:50:20.743 INFO  org.springframework.integration.channel.PublishSubscribeChannel Line:64  [] - Channel 'application.errorChannel' has 1 subscriber(s).
2020-06-12 16:50:20.744 INFO  org.springframework.integration.endpoint.EventDrivenConsumer Line:159 [] - started bean '_org.springframework.integration.errorLogger'
2020-06-12 16:50:20.744 INFO  springfox.documentation.spring.web.plugins.DocumentationPluginsBootstrapper Line:160 [] - Context refreshed
2020-06-12 16:50:20.768 INFO  springfox.documentation.spring.web.plugins.DocumentationPluginsBootstrapper Line:163 [] - Found 1 custom documentation plugin(s)
2020-06-12 16:50:20.824 INFO  springfox.documentation.spring.web.scanners.ApiListingReferenceScanner Line:41  [] - Scanning for api listing references
2020-06-12 16:50:21.146 INFO  com.example.springboot_demo2.SpringbootDemo2ApplicationTests Line:61  [] - Started SpringbootDemo2ApplicationTests in 5.05 seconds (JVM running for 6.07)
2020-06-12 16:50:21.463 INFO  org.springframework.integration.endpoint.EventDrivenConsumer Line:107 [] - Removing {logging-channel-adapter:_org.springframework.integration.errorLogger} as a subscriber to the 'errorChannel' channel
2020-06-12 16:50:21.464 INFO  org.springframework.integration.channel.PublishSubscribeChannel Line:64  [] - Channel 'application.errorChannel' has 0 subscriber(s).
2020-06-12 16:50:21.464 INFO  org.springframework.integration.endpoint.EventDrivenConsumer Line:193 [] - stopped bean '_org.springframework.integration.errorLogger'
2020-06-12 16:50:21.465 INFO  org.springframework.scheduling.concurrent.ThreadPoolTaskScheduler Line:208 [] - Shutting down ExecutorService 'taskScheduler'
2020-06-12 16:50:21.466 INFO  org.springframework.scheduling.concurrent.ThreadPoolTaskExecutor Line:208 [] - Shutting down ExecutorService 'applicationTaskExecutor'
2020-06-12 16:50:52.952 INFO  com.example.springboot_demo2.SpringbootDemo2ApplicationTests Line:55  [] - Starting SpringbootDemo2ApplicationTests on SC-201909071530 with PID 15080 (started by Administrator in D:\workspace\springboot_demo2)
2020-06-12 16:50:52.953 INFO  com.example.springboot_demo2.SpringbootDemo2ApplicationTests Line:655 [] - The following profiles are active: test
2020-06-12 16:50:54.186 INFO  org.springframework.integration.config.DefaultConfiguringBeanFactoryPostProcessor Line:213 [] - No bean named 'errorChannel' has been explicitly defined. Therefore, a default PublishSubscribeChannel will be created.
2020-06-12 16:50:54.194 INFO  org.springframework.integration.config.DefaultConfiguringBeanFactoryPostProcessor Line:300 [] - No bean named 'taskScheduler' has been explicitly defined. Therefore, a default ThreadPoolTaskScheduler will be created.
2020-06-12 16:50:54.200 INFO  org.springframework.integration.config.DefaultConfiguringBeanFactoryPostProcessor Line:460 [] - No bean named 'integrationHeaderChannelRegistry' has been explicitly defined. Therefore, a default DefaultHeaderChannelRegistry will be created.
2020-06-12 16:50:54.324 INFO  org.springframework.context.support.PostProcessorRegistrationDelegate$BeanPostProcessorChecker Line:330 [] - Bean 'org.springframework.retry.annotation.RetryConfiguration' of type [org.springframework.retry.annotation.RetryConfiguration$$EnhancerBySpringCGLIB$$1a473bc7] is not eligible for getting processed by all BeanPostProcessors (for example: not eligible for auto-proxying)
2020-06-12 16:50:54.356 INFO  org.springframework.context.support.PostProcessorRegistrationDelegate$BeanPostProcessorChecker Line:330 [] - Bean 'org.springframework.integration.config.IntegrationManagementConfiguration' of type [org.springframework.integration.config.IntegrationManagementConfiguration] is not eligible for getting processed by all BeanPostProcessors (for example: not eligible for auto-proxying)
2020-06-12 16:50:54.383 INFO  org.springframework.context.support.PostProcessorRegistrationDelegate$BeanPostProcessorChecker Line:330 [] - Bean 'integrationChannelResolver' of type [org.springframework.integration.support.channel.BeanFactoryChannelResolver] is not eligible for getting processed by all BeanPostProcessors (for example: not eligible for auto-proxying)
2020-06-12 16:50:54.390 INFO  org.springframework.context.support.PostProcessorRegistrationDelegate$BeanPostProcessorChecker Line:330 [] - Bean 'integrationDisposableAutoCreatedBeans' of type [org.springframework.integration.config.annotation.Disposables] is not eligible for getting processed by all BeanPostProcessors (for example: not eligible for auto-proxying)
2020-06-12 16:50:54.557 INFO  com.example.springboot_demo2.apisecurity.DecryptAutoConfiguration Line:55  [] - init System Decrypt
2020-06-12 16:50:54.584 INFO  com.example.springboot_demo2.apisecurity.HmacAutoConfiguration Line:56  [] - init System hmacSha256 sign
2020-06-12 16:50:55.447 INFO  springfox.documentation.spring.web.PropertySourcedRequestMappingHandlerMapping Line:69  [] - Mapped URL path [/v2/api-docs] onto method [springfox.documentation.swagger2.web.Swagger2Controller#getDocumentation(String, HttpServletRequest)]
2020-06-12 16:50:55.491 INFO  com.example.springboot_demo2.apisecurity.DecryptAutoConfiguration Line:42  [] - init decrypt filter
2020-06-12 16:50:55.504 INFO  com.example.springboot_demo2.apisecurity.EncryptAutoConfiguration Line:42  [] - init encrypt filter
2020-06-12 16:50:55.508 INFO  com.example.springboot_demo2.apisecurity.EncryptAutoConfiguration Line:56  [] - init System Encrypt
2020-06-12 16:50:55.510 INFO  com.example.springboot_demo2.apisecurity.HmacAutoConfiguration Line:41  [] - init hmac filter
2020-06-12 16:50:55.515 INFO  com.example.springboot_demo2.bean_init.DemoBean Line:17  [] - --> instantiate 
2020-06-12 16:50:55.517 INFO  com.example.springboot_demo2.bean_init.DemoBeanPostProcessor Line:19  [] - --> BeanPostProcessor.postProcessBeforeInitialization 
2020-06-12 16:50:55.518 INFO  com.example.springboot_demo2.bean_init.DemoBean Line:22  [] - --> @PostConstruct 
2020-06-12 16:50:55.518 INFO  com.example.springboot_demo2.bean_init.DemoBean Line:27  [] - --> InitializingBean.afterPropertiesSet 
2020-06-12 16:50:55.518 INFO  com.example.springboot_demo2.bean_init.DemoBean Line:31  [] - --> custom initMehotd
2020-06-12 16:50:55.519 INFO  com.example.springboot_demo2.bean_init.DemoBeanPostProcessor Line:27  [] - --> BeanPostProcessor.postProcessAfterInitialization 
2020-06-12 16:50:56.369 INFO  org.springframework.scheduling.concurrent.ThreadPoolTaskExecutor Line:171 [] - Initializing ExecutorService 'applicationTaskExecutor'
2020-06-12 16:50:56.946 INFO  org.springframework.scheduling.concurrent.ThreadPoolTaskScheduler Line:171 [] - Initializing ExecutorService 'taskScheduler'
2020-06-12 16:50:57.038 INFO  org.springframework.integration.endpoint.EventDrivenConsumer Line:107 [] - Adding {logging-channel-adapter:_org.springframework.integration.errorLogger} as a subscriber to the 'errorChannel' channel
2020-06-12 16:50:57.038 INFO  org.springframework.integration.channel.PublishSubscribeChannel Line:64  [] - Channel 'application.errorChannel' has 1 subscriber(s).
2020-06-12 16:50:57.040 INFO  org.springframework.integration.endpoint.EventDrivenConsumer Line:159 [] - started bean '_org.springframework.integration.errorLogger'
2020-06-12 16:50:57.042 INFO  springfox.documentation.spring.web.plugins.DocumentationPluginsBootstrapper Line:160 [] - Context refreshed
2020-06-12 16:50:57.059 INFO  springfox.documentation.spring.web.plugins.DocumentationPluginsBootstrapper Line:163 [] - Found 1 custom documentation plugin(s)
2020-06-12 16:50:57.100 INFO  springfox.documentation.spring.web.scanners.ApiListingReferenceScanner Line:41  [] - Scanning for api listing references
2020-06-12 16:50:57.296 INFO  com.example.springboot_demo2.SpringbootDemo2ApplicationTests Line:61  [] - Started SpringbootDemo2ApplicationTests in 4.835 seconds (JVM running for 5.898)
2020-06-12 16:50:57.594 INFO  org.springframework.integration.endpoint.EventDrivenConsumer Line:107 [] - Removing {logging-channel-adapter:_org.springframework.integration.errorLogger} as a subscriber to the 'errorChannel' channel
2020-06-12 16:50:57.596 INFO  org.springframework.integration.channel.PublishSubscribeChannel Line:64  [] - Channel 'application.errorChannel' has 0 subscriber(s).
2020-06-12 16:50:57.596 INFO  org.springframework.integration.endpoint.EventDrivenConsumer Line:193 [] - stopped bean '_org.springframework.integration.errorLogger'
2020-06-12 16:50:57.597 INFO  org.springframework.scheduling.concurrent.ThreadPoolTaskScheduler Line:208 [] - Shutting down ExecutorService 'taskScheduler'
2020-06-12 16:50:57.601 INFO  org.springframework.scheduling.concurrent.ThreadPoolTaskExecutor Line:208 [] - Shutting down ExecutorService 'applicationTaskExecutor'
2020-06-12 16:52:35.438 INFO  com.example.springboot_demo2.SpringbootDemo2Application Line:55  [] - Starting SpringbootDemo2Application on SC-201909071530 with PID 12188 (D:\workspace\springboot_demo2\target\classes started by Administrator in D:\workspace\springboot_demo2)
2020-06-12 16:52:35.441 INFO  com.example.springboot_demo2.SpringbootDemo2Application Line:655 [] - The following profiles are active: test
2020-06-12 16:52:36.396 INFO  org.springframework.integration.config.DefaultConfiguringBeanFactoryPostProcessor Line:213 [] - No bean named 'errorChannel' has been explicitly defined. Therefore, a default PublishSubscribeChannel will be created.
2020-06-12 16:52:36.404 INFO  org.springframework.integration.config.DefaultConfiguringBeanFactoryPostProcessor Line:300 [] - No bean named 'taskScheduler' has been explicitly defined. Therefore, a default ThreadPoolTaskScheduler will be created.
2020-06-12 16:52:36.408 INFO  org.springframework.integration.config.DefaultConfiguringBeanFactoryPostProcessor Line:460 [] - No bean named 'integrationHeaderChannelRegistry' has been explicitly defined. Therefore, a default DefaultHeaderChannelRegistry will be created.
2020-06-12 16:52:36.492 INFO  org.springframework.context.support.PostProcessorRegistrationDelegate$BeanPostProcessorChecker Line:330 [] - Bean 'org.springframework.retry.annotation.RetryConfiguration' of type [org.springframework.retry.annotation.RetryConfiguration$$EnhancerBySpringCGLIB$$52f121f6] is not eligible for getting processed by all BeanPostProcessors (for example: not eligible for auto-proxying)
2020-06-12 16:52:36.503 INFO  org.springframework.context.support.PostProcessorRegistrationDelegate$BeanPostProcessorChecker Line:330 [] - Bean 'org.springframework.integration.config.IntegrationManagementConfiguration' of type [org.springframework.integration.config.IntegrationManagementConfiguration] is not eligible for getting processed by all BeanPostProcessors (for example: not eligible for auto-proxying)
2020-06-12 16:52:36.511 INFO  org.springframework.context.support.PostProcessorRegistrationDelegate$BeanPostProcessorChecker Line:330 [] - Bean 'integrationChannelResolver' of type [org.springframework.integration.support.channel.BeanFactoryChannelResolver] is not eligible for getting processed by all BeanPostProcessors (for example: not eligible for auto-proxying)
2020-06-12 16:52:36.513 INFO  org.springframework.context.support.PostProcessorRegistrationDelegate$BeanPostProcessorChecker Line:330 [] - Bean 'integrationDisposableAutoCreatedBeans' of type [org.springframework.integration.config.annotation.Disposables] is not eligible for getting processed by all BeanPostProcessors (for example: not eligible for auto-proxying)
2020-06-12 16:52:36.732 INFO  org.springframework.boot.web.embedded.tomcat.TomcatWebServer Line:92  [] - Tomcat initialized with port(s): 8080 (https) 8443 (http)
2020-06-12 16:52:36.739 INFO  org.apache.coyote.http11.Http11NioProtocol Line:173 [] - Initializing ProtocolHandler ["https-jsse-nio-8080"]
2020-06-12 16:52:36.740 INFO  org.apache.coyote.http11.Http11NioProtocol Line:173 [] - Initializing ProtocolHandler ["http-nio-8443"]
2020-06-12 16:52:36.750 INFO  org.apache.catalina.core.StandardService Line:173 [] - Starting service [Tomcat]
2020-06-12 16:52:36.750 INFO  org.apache.catalina.core.StandardEngine Line:173 [] - Starting Servlet engine: [Apache Tomcat/9.0.27]
2020-06-12 16:52:36.840 INFO  org.apache.catalina.core.ContainerBase.[Tomcat].[localhost].[/] Line:173 [] - Initializing Spring embedded WebApplicationContext
2020-06-12 16:52:36.840 INFO  org.springframework.web.context.ContextLoader Line:284 [] - Root WebApplicationContext: initialization completed in 1286 ms
2020-06-12 16:52:36.853 INFO  com.example.springboot_demo2.apisecurity.DecryptAutoConfiguration Line:55  [] - init System Decrypt
2020-06-12 16:52:36.857 INFO  com.example.springboot_demo2.apisecurity.DecryptAutoConfiguration Line:42  [] - init decrypt filter
2020-06-12 16:52:36.864 INFO  com.example.springboot_demo2.apisecurity.EncryptAutoConfiguration Line:42  [] - init encrypt filter
2020-06-12 16:52:36.869 INFO  com.example.springboot_demo2.apisecurity.HmacAutoConfiguration Line:56  [] - init System hmacSha256 sign
2020-06-12 16:52:36.873 INFO  com.example.springboot_demo2.apisecurity.HmacAutoConfiguration Line:41  [] - init hmac filter
2020-06-12 16:52:37.208 INFO  springfox.documentation.spring.web.PropertySourcedRequestMappingHandlerMapping Line:69  [] - Mapped URL path [/v2/api-docs] onto method [springfox.documentation.swagger2.web.Swagger2Controller#getDocumentation(String, HttpServletRequest)]
2020-06-12 16:52:37.222 INFO  com.example.springboot_demo2.apisecurity.EncryptAutoConfiguration Line:56  [] - init System Encrypt
2020-06-12 16:52:37.224 INFO  com.example.springboot_demo2.bean_init.DemoBean Line:17  [] - --> instantiate 
2020-06-12 16:52:37.224 INFO  com.example.springboot_demo2.bean_init.DemoBeanPostProcessor Line:19  [] - --> BeanPostProcessor.postProcessBeforeInitialization 
2020-06-12 16:52:37.224 INFO  com.example.springboot_demo2.bean_init.DemoBean Line:22  [] - --> @PostConstruct 
2020-06-12 16:52:37.224 INFO  com.example.springboot_demo2.bean_init.DemoBean Line:27  [] - --> InitializingBean.afterPropertiesSet 
2020-06-12 16:52:37.224 INFO  com.example.springboot_demo2.bean_init.DemoBean Line:31  [] - --> custom initMehotd
2020-06-12 16:52:37.225 INFO  com.example.springboot_demo2.bean_init.DemoBeanPostProcessor Line:27  [] - --> BeanPostProcessor.postProcessAfterInitialization 
2020-06-12 16:52:37.381 INFO  org.springframework.scheduling.concurrent.ThreadPoolTaskExecutor Line:171 [] - Initializing ExecutorService 'applicationTaskExecutor'
2020-06-12 16:52:37.634 INFO  org.springframework.scheduling.concurrent.ThreadPoolTaskScheduler Line:171 [] - Initializing ExecutorService 'taskScheduler'
2020-06-12 16:52:37.678 INFO  org.springframework.integration.endpoint.EventDrivenConsumer Line:107 [] - Adding {logging-channel-adapter:_org.springframework.integration.errorLogger} as a subscriber to the 'errorChannel' channel
2020-06-12 16:52:37.678 INFO  org.springframework.integration.channel.PublishSubscribeChannel Line:64  [] - Channel 'application.errorChannel' has 1 subscriber(s).
2020-06-12 16:52:37.678 INFO  org.springframework.integration.endpoint.EventDrivenConsumer Line:159 [] - started bean '_org.springframework.integration.errorLogger'
2020-06-12 16:52:37.679 INFO  springfox.documentation.spring.web.plugins.DocumentationPluginsBootstrapper Line:160 [] - Context refreshed
2020-06-12 16:52:37.687 INFO  springfox.documentation.spring.web.plugins.DocumentationPluginsBootstrapper Line:163 [] - Found 1 custom documentation plugin(s)
2020-06-12 16:52:37.714 INFO  springfox.documentation.spring.web.scanners.ApiListingReferenceScanner Line:41  [] - Scanning for api listing references
2020-06-12 16:52:37.863 INFO  org.apache.coyote.http11.Http11NioProtocol Line:173 [] - Starting ProtocolHandler ["https-jsse-nio-8080"]
2020-06-12 16:52:38.032 INFO  org.apache.coyote.http11.Http11NioProtocol Line:173 [] - Starting ProtocolHandler ["http-nio-8443"]
2020-06-12 16:52:38.039 INFO  org.springframework.boot.web.embedded.tomcat.TomcatWebServer Line:204 [] - Tomcat started on port(s): 8080 (https) 8443 (http) with context path ''
2020-06-12 16:52:38.042 INFO  com.example.springboot_demo2.SpringbootDemo2Application Line:61  [] - Started SpringbootDemo2Application in 3.119 seconds (JVM running for 3.715)
